<?xml version="1.0" encoding="UTF-8"?>
<!-- Generated by org.testng.reporters.JUnitReportReporter -->
<testsuite skipped="0" hostname="DESKTOP-OHUNVK1" name="org.adactin.target" tests="1" failures="0" timestamp="2021-12-09T10:46:26 IST" time="47.306" errors="0">
  <testcase name="test" time="47.306" classname="org.adactin.target"/>
  <system-out/>
</testsuite> <!-- org.adactin.target -->
