<?xml version="1.0" encoding="UTF-8"?>
<!-- Generated by org.testng.reporters.JUnitReportReporter -->
<testsuite skipped="0" hostname="DESKTOP-OHUNVK1" name="dataProvider.dplogin" tests="4" failures="0" timestamp="2021-12-16T15:30:38 IST" time="0.009" errors="0">
  <testcase name="test" time="0.001" classname="dataProvider.dplogin"/>
  <system-out/>
  <testcase name="test" time="0.001" classname="dataProvider.dplogin"/>
  <system-out/>
  <testcase name="test" time="0.006" classname="dataProvider.dplogin"/>
  <system-out/>
  <testcase name="test" time="0.001" classname="dataProvider.dplogin"/>
  <system-out/>
</testsuite> <!-- dataProvider.dplogin -->
